<?xml version="1.0" encoding="UTF-8"?>
<!-- Generated by org.testng.reporters.JUnitXMLReporter -->
<testsuite ignored="0" hostname="DESKTOP-5VJNL8D" failures="0" tests="3" name="Running test on Firefox and Windows" time="41.005" errors="0" timestamp="2024-07-10T19:32:40 EDT">
  <testcase classname="lambda101.LambdaTests" name="testScenario1" time="12.301"/>
  <testcase classname="lambda101.LambdaTests" name="testScenario2" time="5.326"/>
  <testcase classname="lambda101.LambdaTests" name="testScenario3" time="9.556"/>
</testsuite> <!-- Running test on Firefox and Windows -->
