<?xml version="1.0" encoding="UTF-8"?>
<!-- Generated by org.testng.reporters.JUnitXMLReporter -->
<testsuite ignored="0" hostname="DESKTOP-5VJNL8D" failures="0" tests="3" name="Running test on edge and Windows" time="53.27" errors="0" timestamp="2024-07-10T19:20:55 EDT">
  <testcase classname="lambda101.LambdaTests" name="testScenario1" time="9.895"/>
  <testcase classname="lambda101.LambdaTests" name="testScenario2" time="2.833"/>
  <testcase classname="lambda101.LambdaTests" name="testScenario3" time="10.477"/>
</testsuite> <!-- Running test on edge and Windows -->
