<?xml version="1.0" encoding="UTF-8"?>
<!-- Generated by org.testng.reporters.JUnitXMLReporter -->
<testsuite ignored="0" hostname="DESKTOP-5VJNL8D" failures="0" tests="3" name="Running test on Chrome and Mac" time="180.997" errors="0" timestamp="2024-07-10T19:04:33 EDT">
  <testcase classname="lambda101.LambdaTests" name="testScenario1" time="0.0">
    <skipped/>
  </testcase> <!-- testScenario1 -->
  <testcase classname="lambda101.LambdaTests" name="testScenario2" time="0.0">
    <skipped/>
  </testcase> <!-- testScenario2 -->
  <testcase classname="lambda101.LambdaTests" name="testScenario3" time="0.0">
    <skipped/>
  </testcase> <!-- testScenario3 -->
</testsuite> <!-- Running test on Chrome and Mac -->
