<?xml version="1.0" encoding="UTF-8"?>
<!-- Generated by org.testng.reporters.JUnitXMLReporter -->
<testsuite ignored="0" hostname="DESKTOP-5VJNL8D" failures="0" tests="3" name="Running test on Chrome" time="89.69" errors="0" timestamp="2024-07-10T19:03:02 EDT">
  <testcase classname="lambda101.LambdaTests" name="testScenario1" time="8.711"/>
  <testcase classname="lambda101.LambdaTests" name="testScenario2" time="2.613"/>
  <testcase classname="lambda101.LambdaTests" name="testScenario3" time="7.811"/>
</testsuite> <!-- Running test on Chrome -->
