<?xml version="1.0" encoding="UTF-8"?>
<!-- Generated by org.testng.reporters.JUnitXMLReporter -->
<testsuite ignored="0" hostname="DESKTOP-5VJNL8D" failures="0" tests="3" name="Running test on Chrome and Windows" time="195.88" errors="0" timestamp="2024-07-10T19:35:15 EDT">
  <testcase classname="lambda101.LambdaTests" name="testScenario1" time="8.844"/>
  <testcase classname="lambda101.LambdaTests" name="testScenario2" time="2.875"/>
  <testcase classname="lambda101.LambdaTests" name="testScenario3" time="13.343"/>
</testsuite> <!-- Running test on Chrome and Windows -->
