<?xml version="1.0" encoding="UTF-8"?>
<!-- Generated by org.testng.reporters.JUnitXMLReporter -->
<testsuite ignored="4" hostname="DESKTOP-5VJNL8D" failures="0" tests="3" name="Running test on Safari" time="0.919" errors="0" timestamp="2024-07-10T18:18:15 EDT">
  <testcase classname="lambda101.TestScenario2" name="testScenario2" time="0.0">
    <skipped/>
  </testcase> <!-- testScenario2 -->
  <testcase classname="lambda101.TestScenario1" name="testScenario1" time="0.001">
    <skipped/>
  </testcase> <!-- testScenario1 -->
  <testcase classname="lambda101.TestScenario3" name="testScenario3" time="0.0">
    <skipped/>
  </testcase> <!-- testScenario3 -->
  <testcase classname="lambda101.BaseClass" name="@BeforeTest setUp" time="0.0">
    <ignored/>
  </testcase> <!-- @BeforeTest setUp -->
  <testcase classname="lambda101.BaseClass" name="@AfterTest tearDown" time="0.0">
    <ignored/>
  </testcase> <!-- @AfterTest tearDown -->
  <testcase classname="lambda101.BaseClass" name="@AfterTest tearDown" time="0.0">
    <ignored/>
  </testcase> <!-- @AfterTest tearDown -->
  <testcase classname="lambda101.BaseClass" name="@BeforeTest setUp" time="0.0">
    <ignored/>
  </testcase> <!-- @BeforeTest setUp -->
</testsuite> <!-- Running test on Safari -->
