<?xml version="1.0" encoding="UTF-8"?>
<!-- Generated by org.testng.reporters.JUnitXMLReporter -->
<testsuite ignored="0" hostname="DESKTOP-5VJNL8D" failures="0" tests="3" name="Running test on Firefox and Mac" time="20.1" errors="0" timestamp="2024-07-10T22:56:07 EDT">
  <testcase classname="lambda101.LambdaTests" name="testScenario1" time="4.272"/>
  <testcase classname="lambda101.LambdaTests" name="testScenario2" time="1.426"/>
  <testcase classname="lambda101.LambdaTests" name="testScenario3" time="4.838"/>
</testsuite> <!-- Running test on Firefox and Mac -->
