<?xml version="1.0" encoding="UTF-8"?>
<!-- Generated by org.testng.reporters.JUnitXMLReporter -->
<testsuite ignored="0" hostname="DESKTOP-5VJNL8D" failures="0" tests="3" name="Running test on Firefox and Mac" time="22.767" errors="0" timestamp="2024-07-10T19:32:22 EDT">
  <testcase classname="lambda101.LambdaTests" name="testScenario1" time="5.369"/>
  <testcase classname="lambda101.LambdaTests" name="testScenario2" time="2.721"/>
  <testcase classname="lambda101.LambdaTests" name="testScenario3" time="5.146"/>
</testsuite> <!-- Running test on Firefox and Mac -->
