<?xml version="1.0" encoding="UTF-8"?>
<!-- Generated by org.testng.reporters.JUnitXMLReporter -->
<testsuite ignored="0" hostname="DESKTOP-5VJNL8D" failures="0" tests="3" name="Running test on Firefox and Windows" time="36.892" errors="0" timestamp="2024-07-10T22:56:24 EDT">
  <testcase classname="lambda101.LambdaTests" name="testScenario1" time="10.026"/>
  <testcase classname="lambda101.LambdaTests" name="testScenario2" time="3.932"/>
  <testcase classname="lambda101.LambdaTests" name="testScenario3" time="8.568"/>
</testsuite> <!-- Running test on Firefox and Windows -->
