<?xml version="1.0" encoding="UTF-8"?>
<testng-results ignored="0" total="9" passed="9" failed="0" skipped="0">
  <reporter-output>
  </reporter-output>
  <suite started-at="2024-07-10T19:31:59 EDT" name="Suite" finished-at="2024-07-10T19:35:15 EDT" duration-ms="195880">
    <groups>
    </groups>
    <test started-at="2024-07-10T19:31:59 EDT" name="Running test on Firefox and Mac" finished-at="2024-07-10T19:32:22 EDT" duration-ms="22767">
      <class name="lambda101.LambdaTests">
        <test-method is-config="true" signature="setUp(java.lang.String,java.lang.String,java.lang.String)[pri:0, instance:lambda101.LambdaTests@35f26e72]" started-at="2024-07-10T19:31:59 EDT" name="setUp" finished-at="2024-07-10T19:32:09 EDT" duration-ms="9364" status="PASS">
          <params>
            <param index="0">
              <value>
                <![CDATA[firefox]]>
              </value>
            </param>
            <param index="1">
              <value>
                <![CDATA[126.0]]>
              </value>
            </param>
            <param index="2">
              <value>
                <![CDATA[macOS Sonoma]]>
              </value>
            </param>
          </params>
          <reporter-output>
          </reporter-output>
        </test-method> <!-- setUp -->
        <test-method signature="testScenario1()[pri:1, instance:lambda101.LambdaTests@35f26e72]" started-at="2024-07-10T19:32:09 EDT" name="testScenario1" finished-at="2024-07-10T19:32:14 EDT" duration-ms="5369" status="PASS">
          <reporter-output>
          </reporter-output>
        </test-method> <!-- testScenario1 -->
        <test-method signature="testScenario2()[pri:2, instance:lambda101.LambdaTests@35f26e72]" started-at="2024-07-10T19:32:14 EDT" name="testScenario2" finished-at="2024-07-10T19:32:17 EDT" duration-ms="2721" status="PASS">
          <reporter-output>
          </reporter-output>
        </test-method> <!-- testScenario2 -->
        <test-method signature="testScenario3()[pri:3, instance:lambda101.LambdaTests@35f26e72]" started-at="2024-07-10T19:32:17 EDT" name="testScenario3" finished-at="2024-07-10T19:32:22 EDT" duration-ms="5146" status="PASS">
          <reporter-output>
          </reporter-output>
        </test-method> <!-- testScenario3 -->
      </class> <!-- lambda101.LambdaTests -->
    </test> <!-- Running test on Firefox and Mac -->
    <test started-at="2024-07-10T19:31:59 EDT" name="Running test on Firefox and Windows" finished-at="2024-07-10T19:32:40 EDT" duration-ms="41005">
      <class name="lambda101.LambdaTests">
        <test-method is-config="true" signature="setUp(java.lang.String,java.lang.String,java.lang.String)[pri:0, instance:lambda101.LambdaTests@3d2ee678]" started-at="2024-07-10T19:31:59 EDT" name="setUp" finished-at="2024-07-10T19:32:13 EDT" duration-ms="13750" status="PASS">
          <params>
            <param index="0">
              <value>
                <![CDATA[firefox]]>
              </value>
            </param>
            <param index="1">
              <value>
                <![CDATA[126.0]]>
              </value>
            </param>
            <param index="2">
              <value>
                <![CDATA[Windows 11]]>
              </value>
            </param>
          </params>
          <reporter-output>
          </reporter-output>
        </test-method> <!-- setUp -->
        <test-method signature="testScenario1()[pri:1, instance:lambda101.LambdaTests@3d2ee678]" started-at="2024-07-10T19:32:13 EDT" name="testScenario1" finished-at="2024-07-10T19:32:25 EDT" duration-ms="12301" status="PASS">
          <reporter-output>
          </reporter-output>
        </test-method> <!-- testScenario1 -->
        <test-method signature="testScenario2()[pri:2, instance:lambda101.LambdaTests@3d2ee678]" started-at="2024-07-10T19:32:25 EDT" name="testScenario2" finished-at="2024-07-10T19:32:31 EDT" duration-ms="5326" status="PASS">
          <reporter-output>
          </reporter-output>
        </test-method> <!-- testScenario2 -->
        <test-method signature="testScenario3()[pri:3, instance:lambda101.LambdaTests@3d2ee678]" started-at="2024-07-10T19:32:31 EDT" name="testScenario3" finished-at="2024-07-10T19:32:40 EDT" duration-ms="9556" status="PASS">
          <reporter-output>
          </reporter-output>
        </test-method> <!-- testScenario3 -->
      </class> <!-- lambda101.LambdaTests -->
    </test> <!-- Running test on Firefox and Windows -->
    <test started-at="2024-07-10T19:31:59 EDT" name="Running test on Chrome and Windows" finished-at="2024-07-10T19:35:15 EDT" duration-ms="195880">
      <class name="lambda101.LambdaTests">
        <test-method is-config="true" signature="setUp(java.lang.String,java.lang.String,java.lang.String)[pri:0, instance:lambda101.LambdaTests@59b38691]" started-at="2024-07-10T19:31:59 EDT" name="setUp" finished-at="2024-07-10T19:34:50 EDT" duration-ms="170756" status="PASS">
          <params>
            <param index="0">
              <value>
                <![CDATA[Chrome]]>
              </value>
            </param>
            <param index="1">
              <value>
                <![CDATA[126]]>
              </value>
            </param>
            <param index="2">
              <value>
                <![CDATA[Windows 11]]>
              </value>
            </param>
          </params>
          <reporter-output>
          </reporter-output>
        </test-method> <!-- setUp -->
        <test-method signature="testScenario1()[pri:1, instance:lambda101.LambdaTests@59b38691]" started-at="2024-07-10T19:34:50 EDT" name="testScenario1" finished-at="2024-07-10T19:34:59 EDT" duration-ms="8844" status="PASS">
          <reporter-output>
          </reporter-output>
        </test-method> <!-- testScenario1 -->
        <test-method signature="testScenario2()[pri:2, instance:lambda101.LambdaTests@59b38691]" started-at="2024-07-10T19:34:59 EDT" name="testScenario2" finished-at="2024-07-10T19:35:02 EDT" duration-ms="2875" status="PASS">
          <reporter-output>
          </reporter-output>
        </test-method> <!-- testScenario2 -->
        <test-method signature="testScenario3()[pri:3, instance:lambda101.LambdaTests@59b38691]" started-at="2024-07-10T19:35:02 EDT" name="testScenario3" finished-at="2024-07-10T19:35:15 EDT" duration-ms="13343" status="PASS">
          <reporter-output>
          </reporter-output>
        </test-method> <!-- testScenario3 -->
      </class> <!-- lambda101.LambdaTests -->
    </test> <!-- Running test on Chrome and Windows -->
  </suite> <!-- Suite -->
</testng-results>
